<?xml version="1.0" encoding="utf-8" standalone="no"?>
<test-results xmlns:xsi="http://www.w3.org/2001/XMLSchema-instance" xsi:noNamespaceSchemaLocation="nunit_schema_2.5.xsd" name="Pester" total="7" errors="0" failures="0" not-run="0" inconclusive="0" ignored="0" skipped="0" invalid="0" date="2026-04-30" time="23:59:18">
  <environment os-version="10.0.26200" user-domain="DESKTOP-8A1RSPV" platform="Microsoft Windows 11 Pro|C:\Windows|\Device\Harddisk0\Partition3" machine-name="DESKTOP-8A1RSPV" cwd="C:\Users\mick0\OneDrive\Documents\Code &amp; Dev\GitHub\Cronometer-Monitor" nunit-version="2.5.8.0" user="mick0" clr-version="10.0.6" />
  <culture-info current-culture="en-US" current-uiculture="en-US" />
  <test-suite type="TestFixture" name="Pester" executed="True" result="Success" success="True" time="2.4077" asserts="0" description="Pester">
    <results>
      <test-suite type="TestFixture" name="C:\Users\mick0\OneDrive\Documents\Code &amp; Dev\GitHub\Cronometer-Monitor\Tests\CronometerAnalysis.Service.Tests.ps1" executed="True" result="Success" success="True" time="2.4077" asserts="0" description="C:\Users\mick0\OneDrive\Documents\Code &amp; Dev\GitHub\Cronometer-Monitor\Tests\CronometerAnalysis.Service.Tests.ps1">
        <results>
          <test-suite type="TestFixture" name="Cronometer analysis service helpers" executed="True" result="Success" success="True" time="1.3046" asserts="0" description="Cronometer analysis service helpers">
            <results>
              <test-case description="loads the nutrition target schema" name="Cronometer analysis service helpers.loads the nutrition target schema" time="0.2644" asserts="0" success="True" result="Success" executed="True" />
              <test-case description="converts vitamin D from IU to mcg during analysis" name="Cronometer analysis service helpers.converts vitamin D from IU to mcg during analysis" time="0.2721" asserts="0" success="True" result="Success" executed="True" />
              <test-case description="tracks bariatric minimum and optimal protein as separate bands" name="Cronometer analysis service helpers.tracks bariatric minimum and optimal protein as separate bands" time="0.1349" asserts="0" success="True" result="Success" executed="True" />
              <test-case description="marks bariatric minimum and limit nutrients correctly" name="Cronometer analysis service helpers.marks bariatric minimum and limit nutrients correctly" time="0.0834" asserts="0" success="True" result="Success" executed="True" />
              <test-case description="maps omega values from the flat Nutrients list and scores ALA and LA" name="Cronometer analysis service helpers.maps omega values from the flat Nutrients list and scores ALA and LA" time="0.102" asserts="0" success="True" result="Success" executed="True" />
              <test-case description="maps additional vitamin and B complex fields from top level extractor values" name="Cronometer analysis service helpers.maps additional vitamin and B complex fields from top level extractor values" time="0.1232" asserts="0" success="True" result="Success" executed="True" />
              <test-case description="maps phosphorus manganese and selenium from top level extractor values" name="Cronometer analysis service helpers.maps phosphorus manganese and selenium from top level extractor values" time="0.1728" asserts="0" success="True" result="Success" executed="True" />
            </results>
          </test-suite>
        </results>
      </test-suite>
    </results>
  </test-suite>
</test-results>